<?xml version="1.0" encoding="UTF-8"?>
<testng-results skipped="0" failed="1" total="4" passed="3">
  <reporter-output>
  </reporter-output>
  <suite name="Suite" duration-ms="58801" started-at="2017-06-22T10:07:07Z" finished-at="2017-06-22T10:08:06Z">
    <groups>
    </groups>
    <test name="Kontackt_form" duration-ms="58801" started-at="2017-06-22T10:07:07Z" finished-at="2017-06-22T10:08:06Z">
      <class name="utility.Base">
        <test-method status="PASS" signature="extentSetup(org.testng.ITestContext)[pri:0, instance:utility.Base@32d992b2]" name="extentSetup" is-config="true" duration-ms="260" started-at="2017-06-22T15:37:07Z" finished-at="2017-06-22T15:37:07Z">
          <params>
            <param index="0">
              <value>
                <![CDATA[org.testng.TestRunner@54afd745]]>
              </value>
            </param>
          </params>
          <reporter-output>
          </reporter-output>
        </test-method> <!-- extentSetup -->
        <test-method status="PASS" signature="generateReport()[pri:0, instance:utility.Base@32d992b2]" name="generateReport" is-config="true" duration-ms="44" started-at="2017-06-22T15:38:06Z" finished-at="2017-06-22T15:38:06Z">
          <reporter-output>
          </reporter-output>
        </test-method> <!-- generateReport -->
      </class> <!-- utility.Base -->
      <class name="testCases.KontaktPageTest">
        <test-method status="PASS" signature="initializeTestBaseSetup(java.lang.reflect.Method)[pri:0, instance:testCases.KontaktPageTest@5d5eef3d]" name="initializeTestBaseSetup" is-config="true" duration-ms="8624" started-at="2017-06-22T15:37:07Z" finished-at="2017-06-22T15:37:16Z">
          <params>
            <param index="0">
              <value>
                <![CDATA[public void testCases.KontaktPageTest.formfillUp(java.lang.String,java.lang.String,java.lang.String,java.lang.String,java.lang.String) throws java.lang.InterruptedException]]>
              </value>
            </param>
          </params>
          <reporter-output>
          </reporter-output>
        </test-method> <!-- initializeTestBaseSetup -->
        <test-method status="PASS" signature="formfillUp(java.lang.String, java.lang.String, java.lang.String, java.lang.String, java.lang.String)[pri:0, instance:testCases.KontaktPageTest@5d5eef3d]" name="formfillUp" duration-ms="6130" started-at="2017-06-22T15:37:16Z" data-provider="logindata" finished-at="2017-06-22T15:37:22Z">
          <params>
            <param index="0">
              <value>
                <![CDATA[ishan]]>
              </value>
            </param>
            <param index="1">
              <value>
                <![CDATA[mittal]]>
              </value>
            </param>
            <param index="2">
              <value>
                <![CDATA[ishanmittal@webvirtue.com]]>
              </value>
            </param>
            <param index="3">
              <value>
                <![CDATA[test data from sheet]]>
              </value>
            </param>
            <param index="4">
              <value>
                <![CDATA[No Error, Form submitted Succesfully]]>
              </value>
            </param>
          </params>
          <reporter-output>
          </reporter-output>
        </test-method> <!-- formfillUp -->
        <test-method status="PASS" signature="afterEachTestMethod(org.testng.ITestResult)[pri:0, instance:testCases.KontaktPageTest@5d5eef3d]" name="afterEachTestMethod" is-config="true" duration-ms="1132" started-at="2017-06-22T15:37:22Z" finished-at="2017-06-22T15:37:23Z">
          <params>
            <param index="0">
              <value>
                <![CDATA[[TestResult name=formfillUp status=SUCCESS method=KontaktPageTest.formfillUp(java.lang.String, java.lang.String, java.lang.String, java.lang.String, java.lang.String)[pri:0, instance:testCases.KontaktPageTest@5d5eef3d] output={null}]]]>
              </value>
            </param>
          </params>
          <reporter-output>
          </reporter-output>
        </test-method> <!-- afterEachTestMethod -->
        <test-method status="PASS" signature="initializeTestBaseSetup(java.lang.reflect.Method)[pri:0, instance:testCases.KontaktPageTest@5d5eef3d]" name="initializeTestBaseSetup" is-config="true" duration-ms="6783" started-at="2017-06-22T15:37:23Z" finished-at="2017-06-22T15:37:30Z">
          <params>
            <param index="0">
              <value>
                <![CDATA[public void testCases.KontaktPageTest.formfillUp(java.lang.String,java.lang.String,java.lang.String,java.lang.String,java.lang.String) throws java.lang.InterruptedException]]>
              </value>
            </param>
          </params>
          <reporter-output>
          </reporter-output>
        </test-method> <!-- initializeTestBaseSetup -->
        <test-method status="FAIL" signature="formfillUp(java.lang.String, java.lang.String, java.lang.String, java.lang.String, java.lang.String)[pri:0, instance:testCases.KontaktPageTest@5d5eef3d]" name="formfillUp" duration-ms="6087" started-at="2017-06-22T15:37:30Z" data-provider="logindata" finished-at="2017-06-22T15:37:36Z">
          <params>
            <param index="0">
              <value>
                <![CDATA[Kuldip]]>
              </value>
            </param>
            <param index="1">
              <value>
                <![CDATA[kumar]]>
              </value>
            </param>
            <param index="2">
              <value>
                <![CDATA[kuldip@@gmail.com]]>
              </value>
            </param>
            <param index="3">
              <value>
                <![CDATA[test data from sheet]]>
              </value>
            </param>
            <param index="4">
              <value>
                <![CDATA[Please enter correct email id]]>
              </value>
            </param>
          </params>
          <exception class="java.lang.AssertionError">
            <message>
              <![CDATA[Please enter correct email id expected [Die Nachricht wurde erfolgreich übermittelt.] but found [Bitte geben Sie eine gültige E-Mail-Adresse ein.]]]>
            </message>
            <full-stacktrace>
              <![CDATA[java.lang.AssertionError: Please enter correct email id expected [Die Nachricht wurde erfolgreich übermittelt.] but found [Bitte geben Sie eine gültige E-Mail-Adresse ein.]
	at org.testng.Assert.fail(Assert.java:94)
	at org.testng.Assert.failNotEquals(Assert.java:494)
	at org.testng.Assert.assertEquals(Assert.java:123)
	at org.testng.Assert.assertEquals(Assert.java:176)
	at pageObjects.KontaktPage.formvalidation(KontaktPage.java:86)
	at pageObjects.KontaktPage.formSubmit(KontaktPage.java:67)
	at testCases.KontaktPageTest.formfillUp(KontaktPageTest.java:40)
	at sun.reflect.NativeMethodAccessorImpl.invoke0(Native Method)
	at sun.reflect.NativeMethodAccessorImpl.invoke(NativeMethodAccessorImpl.java:62)
	at sun.reflect.DelegatingMethodAccessorImpl.invoke(DelegatingMethodAccessorImpl.java:43)
	at java.lang.reflect.Method.invoke(Method.java:498)
	at org.testng.internal.MethodInvocationHelper.invokeMethod(MethodInvocationHelper.java:84)
	at org.testng.internal.Invoker.invokeMethod(Invoker.java:714)
	at org.testng.internal.Invoker.invokeTestMethod(Invoker.java:901)
	at org.testng.internal.Invoker.invokeTestMethods(Invoker.java:1231)
	at org.testng.internal.TestMethodWorker.invokeTestMethods(TestMethodWorker.java:127)
	at org.testng.internal.TestMethodWorker.run(TestMethodWorker.java:111)
	at org.testng.TestRunner.privateRun(TestRunner.java:767)
	at org.testng.TestRunner.run(TestRunner.java:617)
	at org.testng.SuiteRunner.runTest(SuiteRunner.java:334)
	at org.testng.SuiteRunner.runSequentially(SuiteRunner.java:329)
	at org.testng.SuiteRunner.privateRun(SuiteRunner.java:291)
	at org.testng.SuiteRunner.run(SuiteRunner.java:240)
	at org.testng.SuiteRunnerWorker.runSuite(SuiteRunnerWorker.java:52)
	at org.testng.SuiteRunnerWorker.run(SuiteRunnerWorker.java:86)
	at org.testng.TestNG.runSuitesSequentially(TestNG.java:1224)
	at org.testng.TestNG.runSuitesLocally(TestNG.java:1149)
	at org.testng.TestNG.run(TestNG.java:1057)
	at org.testng.remote.AbstractRemoteTestNG.run(AbstractRemoteTestNG.java:132)
	at org.testng.remote.RemoteTestNG.initAndRun(RemoteTestNG.java:230)
	at org.testng.remote.RemoteTestNG.main(RemoteTestNG.java:76)
]]>
            </full-stacktrace>
          </exception> <!-- java.lang.AssertionError -->
          <reporter-output>
          </reporter-output>
        </test-method> <!-- formfillUp -->
        <test-method status="PASS" signature="afterEachTestMethod(org.testng.ITestResult)[pri:0, instance:testCases.KontaktPageTest@5d5eef3d]" name="afterEachTestMethod" is-config="true" duration-ms="1339" started-at="2017-06-22T15:37:36Z" finished-at="2017-06-22T15:37:37Z">
          <params>
            <param index="0">
              <value>
                <![CDATA[[TestResult name=formfillUp status=FAILURE method=KontaktPageTest.formfillUp(java.lang.String, java.lang.String, java.lang.String, java.lang.String, java.lang.String)[pri:0, instance:testCases.KontaktPageTest@5d5eef3d] output={null}]]]>
              </value>
            </param>
          </params>
          <reporter-output>
          </reporter-output>
        </test-method> <!-- afterEachTestMethod -->
        <test-method status="PASS" signature="initializeTestBaseSetup(java.lang.reflect.Method)[pri:0, instance:testCases.KontaktPageTest@5d5eef3d]" name="initializeTestBaseSetup" is-config="true" duration-ms="6874" started-at="2017-06-22T15:37:37Z" finished-at="2017-06-22T15:37:44Z">
          <params>
            <param index="0">
              <value>
                <![CDATA[public void testCases.KontaktPageTest.formfillUp(java.lang.String,java.lang.String,java.lang.String,java.lang.String,java.lang.String) throws java.lang.InterruptedException]]>
              </value>
            </param>
          </params>
          <reporter-output>
          </reporter-output>
        </test-method> <!-- initializeTestBaseSetup -->
        <test-method status="PASS" signature="formfillUp(java.lang.String, java.lang.String, java.lang.String, java.lang.String, java.lang.String)[pri:0, instance:testCases.KontaktPageTest@5d5eef3d]" name="formfillUp" duration-ms="6094" started-at="2017-06-22T15:37:44Z" data-provider="logindata" finished-at="2017-06-22T15:37:50Z">
          <params>
            <param index="0">
              <value>
                <![CDATA[ishan@kumar]]>
              </value>
            </param>
            <param index="1">
              <value>
                <![CDATA[mittal]]>
              </value>
            </param>
            <param index="2">
              <value>
                <![CDATA[ishanmittal@webvirtue.com]]>
              </value>
            </param>
            <param index="3">
              <value>
                <![CDATA[test data from sheet]]>
              </value>
            </param>
            <param index="4">
              <value>
                <![CDATA[username should contain alphabets only]]>
              </value>
            </param>
          </params>
          <reporter-output>
          </reporter-output>
        </test-method> <!-- formfillUp -->
        <test-method status="PASS" signature="afterEachTestMethod(org.testng.ITestResult)[pri:0, instance:testCases.KontaktPageTest@5d5eef3d]" name="afterEachTestMethod" is-config="true" duration-ms="741" started-at="2017-06-22T15:37:50Z" finished-at="2017-06-22T15:37:51Z">
          <params>
            <param index="0">
              <value>
                <![CDATA[[TestResult name=formfillUp status=SUCCESS method=KontaktPageTest.formfillUp(java.lang.String, java.lang.String, java.lang.String, java.lang.String, java.lang.String)[pri:0, instance:testCases.KontaktPageTest@5d5eef3d] output={null}]]]>
              </value>
            </param>
          </params>
          <reporter-output>
          </reporter-output>
        </test-method> <!-- afterEachTestMethod -->
        <test-method status="PASS" signature="initializeTestBaseSetup(java.lang.reflect.Method)[pri:0, instance:testCases.KontaktPageTest@5d5eef3d]" name="initializeTestBaseSetup" is-config="true" duration-ms="7588" started-at="2017-06-22T15:37:51Z" finished-at="2017-06-22T15:37:59Z">
          <params>
            <param index="0">
              <value>
                <![CDATA[public void testCases.KontaktPageTest.formfillUp(java.lang.String,java.lang.String,java.lang.String,java.lang.String,java.lang.String) throws java.lang.InterruptedException]]>
              </value>
            </param>
          </params>
          <reporter-output>
          </reporter-output>
        </test-method> <!-- initializeTestBaseSetup -->
        <test-method status="PASS" signature="formfillUp(java.lang.String, java.lang.String, java.lang.String, java.lang.String, java.lang.String)[pri:0, instance:testCases.KontaktPageTest@5d5eef3d]" name="formfillUp" duration-ms="6082" started-at="2017-06-22T15:37:59Z" data-provider="logindata" finished-at="2017-06-22T15:38:05Z">
          <params>
            <param index="0">
              <value>
                <![CDATA[ishan kumar]]>
              </value>
            </param>
            <param index="1">
              <value>
                <![CDATA[mittal]]>
              </value>
            </param>
            <param index="2">
              <value>
                <![CDATA[ishanmittal@webvirtue.com]]>
              </value>
            </param>
            <param index="3">
              <value>
                <![CDATA[test data from sheet]]>
              </value>
            </param>
            <param index="4">
              <value>
                <![CDATA[space is username should contain alphabets only]]>
              </value>
            </param>
          </params>
          <reporter-output>
          </reporter-output>
        </test-method> <!-- formfillUp -->
        <test-method status="PASS" signature="afterEachTestMethod(org.testng.ITestResult)[pri:0, instance:testCases.KontaktPageTest@5d5eef3d]" name="afterEachTestMethod" is-config="true" duration-ms="739" started-at="2017-06-22T15:38:05Z" finished-at="2017-06-22T15:38:06Z">
          <params>
            <param index="0">
              <value>
                <![CDATA[[TestResult name=formfillUp status=SUCCESS method=KontaktPageTest.formfillUp(java.lang.String, java.lang.String, java.lang.String, java.lang.String, java.lang.String)[pri:0, instance:testCases.KontaktPageTest@5d5eef3d] output={null}]]]>
              </value>
            </param>
          </params>
          <reporter-output>
          </reporter-output>
        </test-method> <!-- afterEachTestMethod -->
      </class> <!-- testCases.KontaktPageTest -->
    </test> <!-- Kontackt_form -->
  </suite> <!-- Suite -->
</testng-results>
